9 бер 2014 19:51:02 org.apache.solr.servlet.SolrDispatchFilter init
INFO: SolrDispatchFilter.init()
9 бер 2014 19:51:02 org.apache.solr.core.SolrResourceLoader locateSolrHome
INFO: JNDI not configured for solr (NoInitialContextEx)
9 бер 2014 19:51:02 org.apache.solr.core.SolrResourceLoader locateSolrHome
INFO: using system property solr.solr.home: /home/barmaley/devise/solr
9 бер 2014 19:51:02 org.apache.solr.core.CoreContainer$Initializer initialize
INFO: looking for solr.xml: /home/barmaley/devise/solr/solr.xml
9 бер 2014 19:51:02 org.apache.solr.core.CoreContainer <init>
INFO: New CoreContainer 3732390
9 бер 2014 19:51:02 org.apache.solr.core.CoreContainer load
INFO: Loading CoreContainer using Solr Home: '/home/barmaley/devise/solr/'
9 бер 2014 19:51:02 org.apache.solr.core.SolrResourceLoader <init>
INFO: new SolrResourceLoader for directory: '/home/barmaley/devise/solr/'
9 бер 2014 19:51:03 org.apache.solr.handler.component.HttpShardHandlerFactory getParameter
INFO: Setting socketTimeout to: 0
9 бер 2014 19:51:03 org.apache.solr.handler.component.HttpShardHandlerFactory getParameter
INFO: Setting urlScheme to: http://
9 бер 2014 19:51:03 org.apache.solr.handler.component.HttpShardHandlerFactory getParameter
INFO: Setting connTimeout to: 0
9 бер 2014 19:51:03 org.apache.solr.handler.component.HttpShardHandlerFactory getParameter
INFO: Setting maxConnectionsPerHost to: 20
9 бер 2014 19:51:03 org.apache.solr.handler.component.HttpShardHandlerFactory getParameter
INFO: Setting corePoolSize to: 0
9 бер 2014 19:51:03 org.apache.solr.handler.component.HttpShardHandlerFactory getParameter
INFO: Setting maximumPoolSize to: 2147483647
9 бер 2014 19:51:03 org.apache.solr.handler.component.HttpShardHandlerFactory getParameter
INFO: Setting maxThreadIdleTime to: 5
9 бер 2014 19:51:03 org.apache.solr.handler.component.HttpShardHandlerFactory getParameter
INFO: Setting sizeOfQueue to: -1
9 бер 2014 19:51:03 org.apache.solr.handler.component.HttpShardHandlerFactory getParameter
INFO: Setting fairnessPolicy to: false
9 бер 2014 19:51:03 org.apache.solr.client.solrj.impl.HttpClientUtil createClient
INFO: Creating new http client, config:maxConnectionsPerHost=20&maxConnections=10000&socketTimeout=0&connTimeout=0&retry=false
9 бер 2014 19:51:03 org.apache.solr.core.CoreContainer load
INFO: Registering Log Listener
9 бер 2014 19:51:03 org.apache.solr.core.CoreContainer create
INFO: Creating SolrCore 'default' using instanceDir: /home/barmaley/devise/solr/.
9 бер 2014 19:51:03 org.apache.solr.core.CoreContainer create
INFO: Creating SolrCore 'development' using instanceDir: /home/barmaley/devise/solr/.
9 бер 2014 19:51:03 org.apache.solr.core.CoreContainer create
INFO: Creating SolrCore 'test' using instanceDir: /home/barmaley/devise/solr/.
9 бер 2014 19:51:03 org.apache.solr.core.SolrResourceLoader <init>
INFO: new SolrResourceLoader for directory: '/home/barmaley/devise/solr/./'
9 бер 2014 19:51:03 org.apache.solr.core.SolrResourceLoader <init>
INFO: new SolrResourceLoader for directory: '/home/barmaley/devise/solr/./'
9 бер 2014 19:51:03 org.apache.solr.core.SolrResourceLoader <init>
INFO: new SolrResourceLoader for directory: '/home/barmaley/devise/solr/./'
9 бер 2014 19:51:04 org.apache.solr.core.SolrConfig <init>
INFO: Using Lucene MatchVersion: LUCENE_41
9 бер 2014 19:51:04 org.apache.solr.core.SolrConfig <init>
INFO: Using Lucene MatchVersion: LUCENE_41
9 бер 2014 19:51:04 org.apache.solr.core.SolrConfig <init>
INFO: Using Lucene MatchVersion: LUCENE_41
9 бер 2014 19:51:04 org.apache.solr.core.SolrConfig <init>
INFO: Loaded SolrConfig: solrconfig.xml
9 бер 2014 19:51:04 org.apache.solr.core.SolrConfig <init>
INFO: Loaded SolrConfig: solrconfig.xml
9 бер 2014 19:51:04 org.apache.solr.core.SolrConfig <init>
INFO: Loaded SolrConfig: solrconfig.xml
9 бер 2014 19:51:04 org.apache.solr.schema.IndexSchema readSchema
INFO: Reading Solr Schema
9 бер 2014 19:51:04 org.apache.solr.schema.IndexSchema readSchema
INFO: Reading Solr Schema
9 бер 2014 19:51:04 org.apache.solr.schema.IndexSchema readSchema
INFO: Reading Solr Schema
9 бер 2014 19:51:04 org.apache.solr.schema.IndexSchema readSchema
INFO: Schema name=sunspot
9 бер 2014 19:51:04 org.apache.solr.schema.IndexSchema readSchema
INFO: Schema name=sunspot
9 бер 2014 19:51:04 org.apache.solr.schema.IndexSchema readSchema
INFO: Schema name=sunspot
9 бер 2014 19:51:05 org.apache.solr.schema.IndexSchema readSchema
INFO: default search field in schema is text
9 бер 2014 19:51:05 org.apache.solr.schema.IndexSchema readSchema
INFO: default search field in schema is text
9 бер 2014 19:51:05 org.apache.solr.schema.IndexSchema readSchema
INFO: query parser default operator is AND
9 бер 2014 19:51:05 org.apache.solr.schema.IndexSchema readSchema
INFO: query parser default operator is AND
9 бер 2014 19:51:05 org.apache.solr.schema.IndexSchema readSchema
INFO: unique key field: id
9 бер 2014 19:51:05 org.apache.solr.schema.IndexSchema readSchema
INFO: unique key field: id
9 бер 2014 19:51:05 org.apache.solr.schema.IndexSchema readSchema
INFO: default search field in schema is text
9 бер 2014 19:51:05 org.apache.solr.schema.IndexSchema readSchema
INFO: query parser default operator is AND
9 бер 2014 19:51:05 org.apache.solr.schema.IndexSchema readSchema
INFO: unique key field: id
9 бер 2014 19:51:05 org.apache.solr.core.SolrCore <init>
INFO: [development] Opening new SolrCore at /home/barmaley/devise/solr/./, dataDir=/home/barmaley/devise/solr/./development/data/
9 бер 2014 19:51:05 org.apache.solr.core.SolrCore <init>
INFO: [default] Opening new SolrCore at /home/barmaley/devise/solr/./, dataDir=/home/barmaley/devise/solr/./default/data/
9 бер 2014 19:51:05 org.apache.solr.core.SolrCore <init>
INFO: [test] Opening new SolrCore at /home/barmaley/devise/solr/./, dataDir=/home/barmaley/devise/solr/./test/data/
9 бер 2014 19:51:05 org.apache.solr.core.SolrCore <init>
INFO: JMX monitoring not detected for core: default
9 бер 2014 19:51:05 org.apache.solr.core.SolrCore <init>
INFO: JMX monitoring not detected for core: test
9 бер 2014 19:51:05 org.apache.solr.core.SolrCore <init>
INFO: JMX monitoring not detected for core: development
9 бер 2014 19:51:05 org.apache.solr.core.SolrCore initDirectoryFactory
INFO: solr.NRTCachingDirectoryFactory
9 бер 2014 19:51:05 org.apache.solr.core.SolrCore initDirectoryFactory
INFO: solr.NRTCachingDirectoryFactory
9 бер 2014 19:51:05 org.apache.solr.core.SolrCore initDirectoryFactory
INFO: solr.NRTCachingDirectoryFactory
9 бер 2014 19:51:05 org.apache.solr.core.CachingDirectoryFactory get
INFO: return new directory for /home/barmaley/devise/solr/./development/data forceNew: false
9 бер 2014 19:51:05 org.apache.solr.core.CachingDirectoryFactory get
INFO: return new directory for /home/barmaley/devise/solr/./default/data forceNew: false
9 бер 2014 19:51:05 org.apache.solr.core.CachingDirectoryFactory get
INFO: return new directory for /home/barmaley/devise/solr/./test/data forceNew: false
9 бер 2014 19:51:05 org.apache.solr.core.SolrCore getNewIndexDir
INFO: New index directory detected: old=null new=/home/barmaley/devise/solr/./development/data/index/
9 бер 2014 19:51:05 org.apache.solr.core.SolrCore getNewIndexDir
INFO: New index directory detected: old=null new=/home/barmaley/devise/solr/./test/data/index/
9 бер 2014 19:51:05 org.apache.solr.core.CachingDirectoryFactory get
INFO: return new directory for /home/barmaley/devise/solr/./development/data/index forceNew: false
9 бер 2014 19:51:05 org.apache.solr.core.SolrCore getNewIndexDir
INFO: New index directory detected: old=null new=/home/barmaley/devise/solr/./default/data/index/
9 бер 2014 19:51:05 org.apache.solr.core.CachingDirectoryFactory get
INFO: return new directory for /home/barmaley/devise/solr/./default/data/index forceNew: false
9 бер 2014 19:51:05 org.apache.solr.core.CachingDirectoryFactory get
INFO: return new directory for /home/barmaley/devise/solr/./test/data/index forceNew: false
9 бер 2014 19:51:05 org.apache.solr.core.RequestHandlers initHandlersFromConfig
INFO: created /select: solr.SearchHandler
9 бер 2014 19:51:05 org.apache.solr.core.RequestHandlers initHandlersFromConfig
INFO: created /query: solr.SearchHandler
9 бер 2014 19:51:05 org.apache.solr.core.RequestHandlers initHandlersFromConfig
INFO: created /select: solr.SearchHandler
9 бер 2014 19:51:05 org.apache.solr.core.RequestHandlers initHandlersFromConfig
INFO: created /query: solr.SearchHandler
9 бер 2014 19:51:05 org.apache.solr.core.RequestHandlers initHandlersFromConfig
INFO: created /get: solr.RealTimeGetHandler
9 бер 2014 19:51:05 org.apache.solr.core.RequestHandlers initHandlersFromConfig
INFO: created /select: solr.SearchHandler
9 бер 2014 19:51:05 org.apache.solr.core.RequestHandlers initHandlersFromConfig
INFO: created /query: solr.SearchHandler
9 бер 2014 19:51:05 org.apache.solr.core.RequestHandlers initHandlersFromConfig
INFO: created /get: solr.RealTimeGetHandler
9 бер 2014 19:51:05 org.apache.solr.core.RequestHandlers initHandlersFromConfig
INFO: created /get: solr.RealTimeGetHandler
9 бер 2014 19:51:05 org.apache.solr.core.RequestHandlers initHandlersFromConfig
INFO: created /update: solr.UpdateRequestHandler
9 бер 2014 19:51:05 org.apache.solr.core.RequestHandlers initHandlersFromConfig
INFO: created /update: solr.UpdateRequestHandler
9 бер 2014 19:51:05 org.apache.solr.core.RequestHandlers initHandlersFromConfig
INFO: created /update: solr.UpdateRequestHandler
9 бер 2014 19:51:05 org.apache.solr.core.RequestHandlers initHandlersFromConfig
INFO: created /update/json: solr.JsonUpdateRequestHandler
9 бер 2014 19:51:05 org.apache.solr.core.RequestHandlers initHandlersFromConfig
INFO: created /update/csv: solr.CSVRequestHandler
9 бер 2014 19:51:05 org.apache.solr.core.RequestHandlers initHandlersFromConfig
INFO: adding lazy requestHandler: solr.extraction.ExtractingRequestHandler
9 бер 2014 19:51:05 org.apache.solr.core.RequestHandlers initHandlersFromConfig
INFO: created /update/extract: solr.extraction.ExtractingRequestHandler
9 бер 2014 19:51:05 org.apache.solr.core.RequestHandlers initHandlersFromConfig
INFO: adding lazy requestHandler: solr.FieldAnalysisRequestHandler
9 бер 2014 19:51:05 org.apache.solr.core.RequestHandlers initHandlersFromConfig
INFO: created /analysis/field: solr.FieldAnalysisRequestHandler
9 бер 2014 19:51:05 org.apache.solr.core.RequestHandlers initHandlersFromConfig
INFO: adding lazy requestHandler: solr.DocumentAnalysisRequestHandler
9 бер 2014 19:51:05 org.apache.solr.core.RequestHandlers initHandlersFromConfig
INFO: created /analysis/document: solr.DocumentAnalysisRequestHandler
9 бер 2014 19:51:05 org.apache.solr.core.RequestHandlers initHandlersFromConfig
INFO: created /update/json: solr.JsonUpdateRequestHandler
9 бер 2014 19:51:05 org.apache.solr.core.RequestHandlers initHandlersFromConfig
INFO: created /update/csv: solr.CSVRequestHandler
9 бер 2014 19:51:05 org.apache.solr.core.RequestHandlers initHandlersFromConfig
INFO: adding lazy requestHandler: solr.extraction.ExtractingRequestHandler
9 бер 2014 19:51:05 org.apache.solr.core.RequestHandlers initHandlersFromConfig
INFO: created /update/extract: solr.extraction.ExtractingRequestHandler
9 бер 2014 19:51:05 org.apache.solr.core.RequestHandlers initHandlersFromConfig
INFO: adding lazy requestHandler: solr.FieldAnalysisRequestHandler
9 бер 2014 19:51:05 org.apache.solr.core.RequestHandlers initHandlersFromConfig
INFO: created /analysis/field: solr.FieldAnalysisRequestHandler
9 бер 2014 19:51:05 org.apache.solr.core.RequestHandlers initHandlersFromConfig
INFO: adding lazy requestHandler: solr.DocumentAnalysisRequestHandler
9 бер 2014 19:51:05 org.apache.solr.core.RequestHandlers initHandlersFromConfig
INFO: created /analysis/document: solr.DocumentAnalysisRequestHandler
9 бер 2014 19:51:05 org.apache.solr.core.RequestHandlers initHandlersFromConfig
INFO: created /update/json: solr.JsonUpdateRequestHandler
9 бер 2014 19:51:05 org.apache.solr.core.RequestHandlers initHandlersFromConfig
INFO: created /update/csv: solr.CSVRequestHandler
9 бер 2014 19:51:05 org.apache.solr.core.RequestHandlers initHandlersFromConfig
INFO: adding lazy requestHandler: solr.extraction.ExtractingRequestHandler
9 бер 2014 19:51:05 org.apache.solr.core.RequestHandlers initHandlersFromConfig
INFO: created /update/extract: solr.extraction.ExtractingRequestHandler
9 бер 2014 19:51:05 org.apache.solr.core.RequestHandlers initHandlersFromConfig
INFO: adding lazy requestHandler: solr.FieldAnalysisRequestHandler
9 бер 2014 19:51:05 org.apache.solr.core.RequestHandlers initHandlersFromConfig
INFO: created /analysis/field: solr.FieldAnalysisRequestHandler
9 бер 2014 19:51:05 org.apache.solr.core.RequestHandlers initHandlersFromConfig
INFO: adding lazy requestHandler: solr.DocumentAnalysisRequestHandler
9 бер 2014 19:51:05 org.apache.solr.core.RequestHandlers initHandlersFromConfig
INFO: created /analysis/document: solr.DocumentAnalysisRequestHandler
9 бер 2014 19:51:05 org.apache.solr.core.RequestHandlers initHandlersFromConfig
INFO: created /admin/ping: solr.PingRequestHandler
9 бер 2014 19:51:05 org.apache.solr.core.RequestHandlers initHandlersFromConfig
INFO: created /debug/dump: solr.DumpRequestHandler
9 бер 2014 19:51:05 org.apache.solr.core.RequestHandlers initHandlersFromConfig
INFO: created /admin/ping: solr.PingRequestHandler
9 бер 2014 19:51:05 org.apache.solr.core.RequestHandlers initHandlersFromConfig
INFO: created /debug/dump: solr.DumpRequestHandler
9 бер 2014 19:51:05 org.apache.solr.core.RequestHandlers initHandlersFromConfig
INFO: created /admin/ping: solr.PingRequestHandler
9 бер 2014 19:51:05 org.apache.solr.core.RequestHandlers initHandlersFromConfig
INFO: created /debug/dump: solr.DumpRequestHandler
9 бер 2014 19:51:05 org.apache.solr.core.RequestHandlers initHandlersFromConfig
INFO: created /replication: solr.ReplicationHandler
9 бер 2014 19:51:05 org.apache.solr.core.RequestHandlers initHandlersFromConfig
INFO: created /replication: solr.ReplicationHandler
9 бер 2014 19:51:05 org.apache.solr.core.RequestHandlers initHandlersFromConfig
INFO: created /mlt: solr.MoreLikeThisHandler
9 бер 2014 19:51:05 org.apache.solr.core.RequestHandlers initHandlersFromConfig
INFO: created /mlt: solr.MoreLikeThisHandler
9 бер 2014 19:51:05 org.apache.solr.core.RequestHandlers initHandlersFromConfig
INFO: created /admin/: solr.admin.AdminHandlers
9 бер 2014 19:51:05 org.apache.solr.core.RequestHandlers initHandlersFromConfig
INFO: created /replication: solr.ReplicationHandler
9 бер 2014 19:51:05 org.apache.solr.core.RequestHandlers initHandlersFromConfig
INFO: created /admin/: solr.admin.AdminHandlers
9 бер 2014 19:51:05 org.apache.solr.core.RequestHandlers initHandlersFromConfig
INFO: created /mlt: solr.MoreLikeThisHandler
9 бер 2014 19:51:05 org.apache.solr.core.RequestHandlers initHandlersFromConfig
INFO: created /admin/: solr.admin.AdminHandlers
9 бер 2014 19:51:05 org.apache.solr.handler.loader.XMLLoader init
INFO: xsltCacheLifetimeSeconds=60
9 бер 2014 19:51:05 org.apache.solr.handler.loader.XMLLoader init
INFO: xsltCacheLifetimeSeconds=60
9 бер 2014 19:51:05 org.apache.solr.handler.loader.XMLLoader init
INFO: xsltCacheLifetimeSeconds=60
9 бер 2014 19:51:05 org.apache.solr.handler.loader.XMLLoader init
INFO: xsltCacheLifetimeSeconds=60
9 бер 2014 19:51:05 org.apache.solr.handler.loader.XMLLoader init
INFO: xsltCacheLifetimeSeconds=60
9 бер 2014 19:51:05 org.apache.solr.handler.loader.XMLLoader init
INFO: xsltCacheLifetimeSeconds=60
9 бер 2014 19:51:05 org.apache.solr.handler.loader.XMLLoader init
INFO: xsltCacheLifetimeSeconds=60
9 бер 2014 19:51:05 org.apache.solr.handler.loader.XMLLoader init
INFO: xsltCacheLifetimeSeconds=60
9 бер 2014 19:51:05 org.apache.solr.handler.loader.XMLLoader init
INFO: xsltCacheLifetimeSeconds=60
9 бер 2014 19:51:05 org.apache.solr.search.SolrIndexSearcher <init>
INFO: Opening Searcher@7c8353 main
9 бер 2014 19:51:05 org.apache.solr.update.CommitTracker <init>
INFO: Hard AutoCommit: if uncommited for 15000ms; 
9 бер 2014 19:51:05 org.apache.solr.update.CommitTracker <init>
INFO: Soft AutoCommit: if uncommited for 5000ms; 
9 бер 2014 19:51:05 org.apache.solr.handler.component.SpellCheckComponent inform
INFO: Initializing spell checkers
9 бер 2014 19:51:05 org.apache.solr.spelling.DirectSolrSpellChecker init
INFO: init: {name=default,field=name,classname=solr.DirectSolrSpellChecker,distanceMeasure=internal,accuracy=0.5,maxEdits=2,minPrefix=1,maxInspections=5,minQueryLength=4,maxQueryFrequency=0.01}
9 бер 2014 19:51:05 org.apache.solr.handler.component.SpellCheckComponent inform
INFO: No queryConverter defined, using default converter
9 бер 2014 19:51:05 org.apache.solr.search.SolrIndexSearcher <init>
INFO: Opening Searcher@13b4609 main
9 бер 2014 19:51:05 org.apache.solr.update.CommitTracker <init>
INFO: Hard AutoCommit: if uncommited for 15000ms; 
9 бер 2014 19:51:05 org.apache.solr.update.CommitTracker <init>
INFO: Soft AutoCommit: if uncommited for 5000ms; 
9 бер 2014 19:51:05 org.apache.solr.handler.component.SpellCheckComponent inform
INFO: Initializing spell checkers
9 бер 2014 19:51:05 org.apache.solr.spelling.DirectSolrSpellChecker init
INFO: init: {name=default,field=name,classname=solr.DirectSolrSpellChecker,distanceMeasure=internal,accuracy=0.5,maxEdits=2,minPrefix=1,maxInspections=5,minQueryLength=4,maxQueryFrequency=0.01}
9 бер 2014 19:51:05 org.apache.solr.handler.component.SpellCheckComponent inform
INFO: No queryConverter defined, using default converter
9 бер 2014 19:51:05 org.apache.solr.handler.ReplicationHandler inform
INFO: Commits will be reserved for  10000
9 бер 2014 19:51:05 org.apache.solr.handler.ReplicationHandler inform
INFO: Commits will be reserved for  10000
9 бер 2014 19:51:05 org.apache.solr.core.SolrCore registerSearcher
INFO: [test] Registered new searcher Searcher@13b4609 main{StandardDirectoryReader(segments_1:1)}
9 бер 2014 19:51:05 org.apache.solr.core.SolrCore registerSearcher
INFO: [default] Registered new searcher Searcher@7c8353 main{StandardDirectoryReader(segments_1:1)}
9 бер 2014 19:51:05 org.apache.solr.core.CoreContainer registerCore
INFO: registering core: test
9 бер 2014 19:51:05 org.apache.solr.core.CoreContainer registerCore
INFO: registering core: default
9 бер 2014 19:51:06 org.apache.solr.search.SolrIndexSearcher <init>
INFO: Opening Searcher@1e4de92 main
9 бер 2014 19:51:06 org.apache.solr.update.CommitTracker <init>
INFO: Hard AutoCommit: if uncommited for 15000ms; 
9 бер 2014 19:51:06 org.apache.solr.update.CommitTracker <init>
INFO: Soft AutoCommit: if uncommited for 5000ms; 
9 бер 2014 19:51:06 org.apache.solr.handler.component.SpellCheckComponent inform
INFO: Initializing spell checkers
9 бер 2014 19:51:06 org.apache.solr.spelling.DirectSolrSpellChecker init
INFO: init: {name=default,field=name,classname=solr.DirectSolrSpellChecker,distanceMeasure=internal,accuracy=0.5,maxEdits=2,minPrefix=1,maxInspections=5,minQueryLength=4,maxQueryFrequency=0.01}
9 бер 2014 19:51:06 org.apache.solr.handler.component.SpellCheckComponent inform
INFO: No queryConverter defined, using default converter
9 бер 2014 19:51:06 org.apache.solr.handler.ReplicationHandler inform
INFO: Commits will be reserved for  10000
9 бер 2014 19:51:06 org.apache.solr.core.SolrCore registerSearcher
INFO: [development] Registered new searcher Searcher@1e4de92 main{StandardDirectoryReader(segments_14:95 _11(4.2):C31 _12(4.2):C1)}
9 бер 2014 19:51:06 org.apache.solr.core.CoreContainer registerCore
INFO: registering core: development
9 бер 2014 19:51:06 org.apache.solr.servlet.SolrDispatchFilter init
INFO: user.dir=/home/barmaley/.rvm/gems/ruby-2.1.0/gems/sunspot_solr-2.1.0/solr
9 бер 2014 19:51:06 org.apache.solr.servlet.SolrDispatchFilter init
INFO: SolrDispatchFilter.init() done
9 бер 2014 19:51:07 org.apache.solr.core.SolrCore execute
INFO: [development] webapp=/solr path=/select params={start=0&q=*:*&wt=ruby&fq=type:Heading&rows=30} hits=32 status=0 QTime=294 
